<?xml version="1.0" encoding="UTF-8"?>
<!-- Generated by org.testng.reporters.JUnitReportReporter -->
<testsuite hostname="MohanishGhate" failures="0" tests="1" name="testCases.TC001_AccountResgistrationTest" time="3.422" errors="0" timestamp="2024-11-24T13:57:47 IST" skipped="0">
  <testcase classname="testCases.TC001_AccountResgistrationTest" name="verify_account_registration" time="3.422"/>
</testsuite> <!-- testCases.TC001_AccountResgistrationTest -->
